{
  "0 debug pnpm:scope": {
    "selected": 1
  },
  "1 error pnpm": {
    "code": "ELIFECYCLE",
    "errno": "ENOENT",
    "syscall": "spawn",
    "file": "sh",
    "pkgid": "my-vue-app@0.0.0",
    "stage": "serve",
    "script": "vite",
    "pkgname": "my-vue-app",
    "err": {
      "name": "pnpm",
      "message": "my-vue-app@0.0.0 serve: `vite`\nspawn ENOENT",
      "code": "ELIFECYCLE",
      "stack": "pnpm: my-vue-app@0.0.0 serve: `vite`\nspawn ENOENT\n    at ChildProcess.<anonymous> (/Users/mac/pnpm-global/5/node_modules/.pnpm/pnpm@6.24.4/node_modules/pnpm/dist/pnpm.cjs:91795:22)\n    at ChildProcess.emit (events.js:315:20)\n    at maybeClose (internal/child_process.js:1048:16)\n    at Process.ChildProcess._handle.onexit (internal/child_process.js:288:5)"
    }
  }
}